1575683454571	geckodriver	INFO	geckodriver 0.21.0
1575683454583	geckodriver	INFO	Listening on 127.0.0.1:50733
1575683457585	mozrunner::runner	INFO	Running command: "D:\\Program Files\\Mozilla Firefox\\firefox.exe" "-marionette" "-foreground" "-no-remote" "-profile" "C:\\Users\\ADMINI~1\\AppData\\Local\\Temp\\rust_mozprofile.LAy7PwLQQVkY"
1575683459233	addons.webextension.screenshots@mozilla.org	WARN	Loading extension 'screenshots@mozilla.org': Reading manifest: Invalid extension permission: mozillaAddons
1575683459233	addons.webextension.screenshots@mozilla.org	WARN	Loading extension 'screenshots@mozilla.org': Reading manifest: Invalid extension permission: telemetry
1575683459234	addons.webextension.screenshots@mozilla.org	WARN	Loading extension 'screenshots@mozilla.org': Reading manifest: Invalid extension permission: resource://pdf.js/
1575683459234	addons.webextension.screenshots@mozilla.org	WARN	Loading extension 'screenshots@mozilla.org': Reading manifest: Invalid extension permission: about:reader*
1575683459350	Marionette	TRACE	Received observer notification profile-after-change
1575683459442	Marionette	TRACE	Received observer notification toplevel-window-ready
1575683459483	Marionette	TRACE	Received observer notification command-line-startup
1575683459483	Marionette	TRACE	Received observer notification nsPref:changed
1575683459483	Marionette	DEBUG	Init aborted (running=false, enabled=true, finalUIStartup=false)
1575683459613	Marionette	TRACE	Received observer notification toplevel-window-ready
JavaScript error: resource://gre/modules/XULStore.jsm, line 66: Error: Can't find profile directory.
WARN: compileToBinary(259): 
C:\fakepath(337,18-133): warning X3571: pow(f, e) will not work for negative f, use abs(f) or conditionally handle negative values if you expect them
C:\fakepath(343,62-116): warning X3571: pow(f, e) will not work for negative f, use abs(f) or conditionally handle negative values if you expect them
C:\fakepath(360,75-84): warning X3556: integer divides may be much slower, try using uints if possible.
C:\fakepath(363,50-59): warning X3556: integer modulus may be much slower, try using uints if possible.
C:\fakepath(383,33-90): warning X3571: pow(f, e) will not work for negative f, use abs(f) or conditionally handle negative values if you expect them
C:\fakepath(174,1-6): warning X4000: use of potentially uninitialized variable (dyn_index_vec4_float4)
C:\fakepath(289,25-29): error X4576: Input array signature parameter  cannot be indexed dynamically.

WARN: compileToBinary(259): 
C:\fakepath(337,18-133): warning X3571: pow(f, e) will not work for negative f, use abs(f) or conditionally handle negative values if you expect them
C:\fakepath(343,62-116): warning X3571: pow(f, e) will not work for negative f, use abs(f) or conditionally handle negative values if you expect them
C:\fakepath(360,75-84): warning X3556: integer divides may be much slower, try using uints if possible.
C:\fakepath(363,50-59): warning X3556: integer modulus may be much slower, try using uints if possible.
C:\fakepath(383,33-90): warning X3571: pow(f, e) will not work for negative f, use abs(f) or conditionally handle negative values if you expect them
C:\fakepath(174,1-6): warning X4000: use of potentially uninitialized variable (dyn_index_vec4_float4)
C:\fakepath(289,25-29): error X4576: Input array signature parameter  cannot be indexed dynamically.

WARN: compileToBinary(259): 
C:\fakepath(360,75-84): warning X3556: integer divides may be much slower, try using uints if possible.
C:\fakepath(363,50-59): warning X3556: integer modulus may be much slower, try using uints if possible.
C:\fakepath(174,1-6): warning X4000: use of potentially uninitialized variable (dyn_index_vec4_float4)
C:\fakepath(225,1): warning X4000: use of potentially uninitialized variable (f_distance_aa)
C:\fakepath(262,1): warning X4000: use of potentially uninitialized variable (f_do_clip)

[Parent 13376, Gecko_IOThread] WARNING: pipe error: 109: file z:/task_1572401533/build/src/ipc/chromium/src/chrome/common/ipc_channel_win.cc, line 341
1575683461479	Marionette	TRACE	Received observer notification marionette-startup-requested
1575683461480	Marionette	TRACE	Waiting until startup recorder finished recording startup scripts...
1575683461484	Marionette	TRACE	All scripts recorded.
1575683461484	Marionette	DEBUG	Setting recommended pref app.update.disabledForTesting to true
1575683461485	Marionette	DEBUG	Setting recommended pref apz.content_response_timeout to 60000
1575683461485	Marionette	DEBUG	Setting recommended pref browser.contentblocking.introCount to 99
1575683461485	Marionette	DEBUG	Setting recommended pref browser.download.panel.shown to true
1575683461485	Marionette	DEBUG	Setting recommended pref browser.newtabpage.enabled to false
1575683461485	Marionette	DEBUG	Setting recommended pref browser.pagethumbnails.capturing_disabled to true
1575683461486	Marionette	DEBUG	Setting recommended pref browser.search.update to false
1575683461486	Marionette	DEBUG	Setting recommended pref browser.tabs.disableBackgroundZombification to false
1575683461486	Marionette	DEBUG	Setting recommended pref browser.tabs.remote.separatePrivilegedContentProcess to false
1575683461486	Marionette	DEBUG	Setting recommended pref browser.tabs.unloadOnLowMemory to false
1575683461486	Marionette	DEBUG	Setting recommended pref browser.tabs.warnOnCloseOtherTabs to false
1575683461486	Marionette	DEBUG	Setting recommended pref browser.tabs.warnOnOpen to false
1575683461486	Marionette	DEBUG	Setting recommended pref browser.usedOnWindows10.introURL to 
1575683461486	Marionette	DEBUG	Setting recommended pref browser.urlbar.suggest.searches to false
1575683461487	Marionette	DEBUG	Setting recommended pref datareporting.policy.dataSubmissionPolicyAccepted to false
1575683461487	Marionette	DEBUG	Setting recommended pref dom.disable_beforeunload to true
1575683461487	Marionette	DEBUG	Setting recommended pref dom.disable_open_during_load to false
1575683461487	Marionette	DEBUG	Setting recommended pref dom.file.createInChild to true
1575683461487	Marionette	DEBUG	Setting recommended pref dom.max_chrome_script_run_time to 0
1575683461487	Marionette	DEBUG	Setting recommended pref dom.max_script_run_time to 0
1575683461487	Marionette	DEBUG	Setting recommended pref dom.push.connection.enabled to false
1575683461487	Marionette	DEBUG	Setting recommended pref extensions.getAddons.cache.enabled to false
1575683461487	Marionette	DEBUG	Setting recommended pref extensions.webservice.discoverURL to http://%(server)s/dummy/discoveryURL
1575683461488	Marionette	DEBUG	Setting recommended pref network.http.prompt-temp-redirect to false
1575683461488	Marionette	DEBUG	Setting recommended pref network.http.speculative-parallel-limit to 0
1575683461488	Marionette	DEBUG	Setting recommended pref privacy.trackingprotection.enabled to false
1575683461488	Marionette	DEBUG	Setting recommended pref security.certerrors.mitm.priming.enabled to false
1575683461488	Marionette	DEBUG	Setting recommended pref security.fileuri.strict_origin_policy to false
1575683461488	Marionette	DEBUG	Setting recommended pref security.notification_enable_delay to 0
1575683461488	Marionette	DEBUG	Setting recommended pref signon.autofillForms to false
1575683461489	Marionette	DEBUG	Setting recommended pref signon.rememberSignons to false
1575683461489	Marionette	DEBUG	Setting recommended pref toolkit.cosmeticAnimations.enabled to false
1575683461528	Marionette	INFO	Listening on port 50742
1575683461529	Marionette	DEBUG	Remote service is active
1575683461562	Marionette	DEBUG	Accepted connection 0 from 127.0.0.1:50757
1575683461563	Marionette	DEBUG	0 -> [0,1,"WebDriver:NewSession",{"acceptInsecureCerts":true,"browserName":"firefox","capabilities":{"desiredCapabilities":{"acceptInsecureCerts":true,"browserName":"firefox"}}}]
1575683461564	Marionette	WARN	TLS certificate errors will be ignored for this session
1575683461579	Marionette	TRACE	[18] Frame script loaded
1575683461582	Marionette	TRACE	[18] Frame script registered
1575683461583	Marionette	DEBUG	0 <- [1,1,null,{"sessionId":"87d43839-5b0e-42e8-bdc5-15aef27b0c9f","capabilities":{"browserName":"firefox","browserVersion":"70.0. ... alse,"moz:webdriverClick":true,"capabilities":{"desiredCapabilities":{"acceptInsecureCerts":true,"browserName":"firefox"}}}}]
1575683461596	Marionette	DEBUG	0 -> [0,2,"WebDriver:SetTimeouts",{"implicit":15000}]
1575683461597	Marionette	DEBUG	0 <- [1,2,null,{"value":null}]
1575683461599	Marionette	DEBUG	0 -> [0,3,"WebDriver:Navigate",{"url":"https://www.zhaopin.com/"}]
1575683461605	Marionette	TRACE	[18] Received DOM event beforeunload for about:blank
1575683461941	Marionette	TRACE	[18] Received DOM event pagehide for about:blank
JavaScript warning: https://img00.zhaopin.cn/2014/common/js/jquery-1.9.1.min.js, line 2: Using //@ to indicate sourceMappingURL pragmas is deprecated. Use //# instead
1575683462380	Marionette	TRACE	[18] Received DOM event DOMContentLoaded for https://www.zhaopin.com/
1575683463401	Marionette	TRACE	[18] Received DOM event pageshow for https://www.zhaopin.com/
1575683463402	Marionette	DEBUG	0 <- [1,3,null,{"value":null}]
1575683464404	Marionette	DEBUG	0 -> [0,4,"WebDriver:FindElement",{"using":"css selector","value":".risk-warning__content > button:nth-child(1)"}]
1575683464409	Marionette	DEBUG	0 <- [1,4,null,{"value":{"element-6066-11e4-a52e-4f735466cecf":"00700d4f-a36e-48fe-a4c4-521b97f95898"}}]
1575683464411	Marionette	DEBUG	0 -> [0,5,"WebDriver:ElementClick",{"id":"00700d4f-a36e-48fe-a4c4-521b97f95898"}]
1575683464620	Marionette	DEBUG	[18] Canceled page load listener because no navigation has been detected
1575683464620	Marionette	DEBUG	0 <- [1,5,null,{"value":null}]
1575683464622	Marionette	DEBUG	0 -> [0,6,"WebDriver:FindElement",{"using":"css selector","value":".zp-search__input"}]
1575683464624	Marionette	DEBUG	0 <- [1,6,null,{"value":{"element-6066-11e4-a52e-4f735466cecf":"df5de581-461f-47fb-a7aa-04823cdca2ba"}}]
1575683464626	Marionette	DEBUG	0 -> [0,7,"WebDriver:ElementSendKeys",{"id":"df5de581-461f-47fb-a7aa-04823cdca2ba","text":"自动化测试","value":["自","动","化","测","试"]}]
1575683464645	Marionette	DEBUG	0 <- [1,7,null,{"value":null}]
1575683465648	Marionette	DEBUG	0 -> [0,8,"WebDriver:FindElement",{"using":"css selector","value":".zp-search"}]
1575683465649	Marionette	DEBUG	0 <- [1,8,null,{"value":{"element-6066-11e4-a52e-4f735466cecf":"e766cb75-3139-45a0-928a-aedad7598b42"}}]
1575683465650	Marionette	DEBUG	0 -> [0,9,"WebDriver:ElementClick",{"id":"e766cb75-3139-45a0-928a-aedad7598b42"}]
1575683465679	Marionette	TRACE	[6442450947] Frame script loaded
1575683465681	Marionette	TRACE	[6442450947] Frame script registered
1575683465885	Marionette	DEBUG	[18] Canceled page load listener because no navigation has been detected
1575683465885	Marionette	DEBUG	0 <- [1,9,null,{"value":null}]
1575683465897	Marionette	DEBUG	Closed connection 0
WebGL(0000014411896800)::ForceLoseContext
[Parent 13376, Gecko_IOThread] WARNING: pipe error: 109: file z:/task_1572401533/build/src/ipc/chromium/src/chrome/common/ipc_channel_win.cc, line 341
[Child 17028, Chrome_ChildThread] WARNING: pipe error: 109: file z:/task_1572401533/build/src/ipc/chromium/src/chrome/common/ipc_channel_win.cc, line 341
[Child 17028, Chr[oCmhild 16796, Chrome_ChildThread] WARNING: pipe error: 109: file z:/task_1572401533/build/src/ipc/chromium/src/chrome/common/ipc_channel_win.cc, line 341
[Child 16796, Chro[Parent 13376, Gecko_IOThread] WARNING: pipe error: 109: file z:/task_1572401533/build/src/ipc/chromium/src/chrome/common/ipc_channel_win.cc, line 341
[Child 14088, Chrome_ChildThread] WARNING: pipe error: 109: file z:/task_1572401533/build/src/ipc/chromium/src/chrome/common/ipc_channel_win.cc, line 341
[Child 14088, Chr1575683473832	Marionette	TRACE	Received observer notification xpcom-will-shutdown
1575683473832	Marionette	DEBUG	Resetting recommended pref app.update.disabledForTesting
1575683473832	Marionette	DEBUG	Resetting recommended pref apz.content_response_timeout
1575683473832	Marionette	DEBUG	Resetting recommended pref browser.contentblocking.introCount
1575683473832	Marionette	DEBUG	Resetting recommended pref browser.download.panel.shown
1575683473832	Marionette	DEBUG	Resetting recommended pref browser.newtabpage.enabled
1575683473833	Marionette	DEBUG	Resetting recommended pref browser.pagethumbnails.capturing_disabled
1575683473833	Marionette	DEBUG	Resetting recommended pref browser.search.update
1575683473833	Marionette	DEBUG	Resetting recommended pref browser.tabs.disableBackgroundZombification
1575683473833	Marionette	DEBUG	Resetting recommended pref browser.tabs.remote.separatePrivilegedContentProcess
1575683473833	Marionette	DEBUG	Resetting recommended pref browser.tabs.unloadOnLowMemory
1575683473833	Marionette	DEBUG	Resetting recommended pref browser.tabs.warnOnCloseOtherTabs
1575683473833	Marionette	DEBUG	Resetting recommended pref browser.tabs.warnOnOpen
1575683473833	Marionette	DEBUG	Resetting recommended pref browser.usedOnWindows10.introURL
1575683473833	Marionette	DEBUG	Resetting recommended pref browser.urlbar.suggest.searches
1575683473833	Marionette	DEBUG	Resetting recommended pref datareporting.policy.dataSubmissionPolicyAccepted
1575683473833	Marionette	DEBUG	Resetting recommended pref dom.disable_beforeunload
1575683473833	Marionette	DEBUG	Resetting recommended pref dom.disable_open_during_load
1575683473833	Marionette	DEBUG	Resetting recommended pref dom.file.createInChild
1575683473833	Marionette	DEBUG	Resetting recommended pref dom.max_chrome_script_run_time
1575683473833	Marionette	DEBUG	Resetting recommended pref dom.max_script_run_time
1575683473833	Marionette	DEBUG	Resetting recommended pref dom.push.connection.enabled
1575683473834	Marionette	DEBUG	Resetting recommended pref extensions.getAddons.cache.enabled
1575683473834	Marionette	DEBUG	Resetting recommended pref extensions.webservice.discoverURL
1575683473834	Marionette	DEBUG	Resetting recommended pref network.http.prompt-temp-redirect
1575683473834	Marionette	DEBUG	Resetting recommended pref network.http.speculative-parallel-limit
1575683473834	Marionette	DEBUG	Resetting recommended pref privacy.trackingprotection.enabled
1575683473834	Marionette	DEBUG	Resetting recommended pref security.certerrors.mitm.priming.enabled
1575683473834	Marionette	DEBUG	Resetting recommended pref security.fileuri.strict_origin_policy
1575683473834	Marionette	DEBUG	Resetting recommended pref security.notification_enable_delay
1575683473834	Marionette	DEBUG	Resetting recommended pref signon.autofillForms
1575683473834	Marionette	DEBUG	Resetting recommended pref signon.rememberSignons
1575683473834	Marionette	DEBUG	Resetting recommended pref toolkit.cosmeticAnimations.enabled
1575683473834	Marionette	INFO	Stopped listening on port 50742
1575683473834	Marionette	DEBUG	Remote service is inactive
[GPU 16564,
###!!! [Child][RunMessage] Error: Channel closing: too late to send/recv, messages will be lost


###!!! [Child][MessageChannel::SendAndWait] Error: Channel error: cannot send/recv

1575683844063	geckodriver	INFO	geckodriver 0.21.0
1575683844077	geckodriver	INFO	Listening on 127.0.0.1:51098
1575683847107	mozrunner::runner	INFO	Running command: "D:\\Program Files\\Mozilla Firefox\\firefox.exe" "-marionette" "-foreground" "-no-remote" "-profile" "C:\\Users\\ADMINI~1\\AppData\\Local\\Temp\\rust_mozprofile.M2wYuRp6QHqP"
1575683847496	addons.webextension.screenshots@mozilla.org	WARN	Loading extension 'screenshots@mozilla.org': Reading manifest: Invalid extension permission: mozillaAddons
1575683847497	addons.webextension.screenshots@mozilla.org	WARN	Loading extension 'screenshots@mozilla.org': Reading manifest: Invalid extension permission: telemetry
1575683847497	addons.webextension.screenshots@mozilla.org	WARN	Loading extension 'screenshots@mozilla.org': Reading manifest: Invalid extension permission: resource://pdf.js/
1575683847497	addons.webextension.screenshots@mozilla.org	WARN	Loading extension 'screenshots@mozilla.org': Reading manifest: Invalid extension permission: about:reader*
1575683847552	Marionette	TRACE	Received observer notification profile-after-change
1575683847632	Marionette	TRACE	Received observer notification toplevel-window-ready
1575683847661	Marionette	TRACE	Received observer notification command-line-startup
1575683847661	Marionette	TRACE	Received observer notification nsPref:changed
1575683847661	Marionette	DEBUG	Init aborted (running=false, enabled=true, finalUIStartup=false)
1575683847748	Marionette	TRACE	Received observer notification toplevel-window-ready
JavaScript error: resource://gre/modules/XULStore.jsm, line 66: Error: Can't find profile directory.
WARN: compileToBinary(259): 
C:\fakepath(337,18-133): warning X3571: pow(f, e) will not work for negative f, use abs(f) or conditionally handle negative values if you expect them
C:\fakepath(343,62-116): warning X3571: pow(f, e) will not work for negative f, use abs(f) or conditionally handle negative values if you expect them
C:\fakepath(360,75-84): warning X3556: integer divides may be much slower, try using uints if possible.
C:\fakepath(363,50-59): warning X3556: integer modulus may be much slower, try using uints if possible.
C:\fakepath(383,33-90): warning X3571: pow(f, e) will not work for negative f, use abs(f) or conditionally handle negative values if you expect them
C:\fakepath(174,1-6): warning X4000: use of potentially uninitialized variable (dyn_index_vec4_float4)
C:\fakepath(289,25-29): error X4576: Input array signature parameter  cannot be indexed dynamically.

WARN: compileToBinary(259): 
C:\fakepath(337,18-133): warning X3571: pow(f, e) will not work for negative f, use abs(f) or conditionally handle negative values if you expect them
C:\fakepath(343,62-116): warning X3571: pow(f, e) will not work for negative f, use abs(f) or conditionally handle negative values if you expect them
C:\fakepath(360,75-84): warning X3556: integer divides may be much slower, try using uints if possible.
C:\fakepath(363,50-59): warning X3556: integer modulus may be much slower, try using uints if possible.
C:\fakepath(383,33-90): warning X3571: pow(f, e) will not work for negative f, use abs(f) or conditionally handle negative values if you expect them
C:\fakepath(174,1-6): warning X4000: use of potentially uninitialized variable (dyn_index_vec4_float4)
C:\fakepath(289,25-29): error X4576: Input array signature parameter  cannot be indexed dynamically.

WARN: compileToBinary(259): 
C:\fakepath(360,75-84): warning X3556: integer divides may be much slower, try using uints if possible.
C:\fakepath(363,50-59): warning X3556: integer modulus may be much slower, try using uints if possible.
C:\fakepath(174,1-6): warning X4000: use of potentially uninitialized variable (dyn_index_vec4_float4)
C:\fakepath(225,1): warning X4000: use of potentially uninitialized variable (f_distance_aa)
C:\fakepath(262,1): warning X4000: use of potentially uninitialized variable (f_do_clip)

1575683849385	Marionette	TRACE	Received observer notification marionette-startup-requested
1575683849385	Marionette	TRACE	Waiting until startup recorder finished recording startup scripts...
1575683849390	Marionette	TRACE	All scripts recorded.
1575683849390	Marionette	DEBUG	Setting recommended pref app.update.disabledForTesting to true
1575683849390	Marionette	DEBUG	Setting recommended pref apz.content_response_timeout to 60000
1575683849390	Marionette	DEBUG	Setting recommended pref browser.contentblocking.introCount to 99
1575683849391	Marionette	DEBUG	Setting recommended pref browser.download.panel.shown to true
1575683849391	Marionette	DEBUG	Setting recommended pref browser.newtabpage.enabled to false
1575683849391	Marionette	DEBUG	Setting recommended pref browser.pagethumbnails.capturing_disabled to true
1575683849391	Marionette	DEBUG	Setting recommended pref browser.search.update to false
1575683849391	Marionette	DEBUG	Setting recommended pref browser.tabs.disableBackgroundZombification to false
1575683849392	Marionette	DEBUG	Setting recommended pref browser.tabs.remote.separatePrivilegedContentProcess to false
1575683849392	Marionette	DEBUG	Setting recommended pref browser.tabs.unloadOnLowMemory to false
1575683849392	Marionette	DEBUG	Setting recommended pref browser.tabs.warnOnCloseOtherTabs to false
1575683849392	Marionette	DEBUG	Setting recommended pref browser.tabs.warnOnOpen to false
1575683849392	Marionette	DEBUG	Setting recommended pref browser.usedOnWindows10.introURL to 
1575683849392	Marionette	DEBUG	Setting recommended pref browser.urlbar.suggest.searches to false
1575683849392	Marionette	DEBUG	Setting recommended pref datareporting.policy.dataSubmissionPolicyAccepted to false
1575683849392	Marionette	DEBUG	Setting recommended pref dom.disable_beforeunload to true
1575683849392	Marionette	DEBUG	Setting recommended pref dom.disable_open_during_load to false
1575683849392	Marionette	DEBUG	Setting recommended pref dom.file.createInChild to true
1575683849393	Marionette	DEBUG	Setting recommended pref dom.max_chrome_script_run_time to 0
1575683849393	Marionette	DEBUG	Setting recommended pref dom.max_script_run_time to 0
1575683849393	Marionette	DEBUG	Setting recommended pref dom.push.connection.enabled to false
1575683849393	Marionette	DEBUG	Setting recommended pref extensions.getAddons.cache.enabled to false
1575683849394	Marionette	DEBUG	Setting recommended pref extensions.webservice.discoverURL to http://%(server)s/dummy/discoveryURL
1575683849394	Marionette	DEBUG	Setting recommended pref network.http.prompt-temp-redirect to false
1575683849394	Marionette	DEBUG	Setting recommended pref network.http.speculative-parallel-limit to 0
1575683849394	Marionette	DEBUG	Setting recommended pref privacy.trackingprotection.enabled to false
1575683849394	Marionette	DEBUG	Setting recommended pref security.certerrors.mitm.priming.enabled to false
1575683849395	Marionette	DEBUG	Setting recommended pref security.fileuri.strict_origin_policy to false
1575683849395	Marionette	DEBUG	Setting recommended pref security.notification_enable_delay to 0
1575683849396	Marionette	DEBUG	Setting recommended pref signon.autofillForms to false
1575683849396	Marionette	DEBUG	Setting recommended pref signon.rememberSignons to false
1575683849396	Marionette	DEBUG	Setting recommended pref toolkit.cosmeticAnimations.enabled to false
1575683849423	Marionette	INFO	Listening on port 51107
1575683849423	Marionette	DEBUG	Remote service is active
[Child 37096, Chrome_ChildThread] WARNING: pipe error: 109: file z:/task_1572401533/build/src/ipc/chromium/src/chrome/common/ipc_channel_win.cc, line 341
[Child 36904, Chrome_ChildThread] WARNING: pipe error: 109: file z:/task_1572401533/build/src/ipc/chromium/src/chrome/common/ipc_channel_win.cc, line 341
[Child 36[Parent 36368, Gecko_IOThread] WARNING: pipe error: 109: file z:/task_1572401533/build/src/ipc/chromium/src/chrome/common/ipc_channel_win.cc, line 341
[Child 35960, Chrome_ChildThread] WARNING: pipe error: 109: file z:/task_1572401533/build/src/ipc/chromium/src/chrome/common/ipc_channel_win.cc, line 341
[Child 35960, Chrome_ChildT1575683849719	Marionette	TRACE	Received observer notification xpcom-will-shutdown
1575683849719	Marionette	DEBUG	Resetting recommended pref app.update.disabledForTesting
1575683849719	Marionette	DEBUG	Resetting recommended pref apz.content_response_timeout
1575683849719	Marionette	DEBUG	Resetting recommended pref browser.contentblocking.introCount
1575683849719	Marionette	DEBUG	Resetting recommended pref browser.download.panel.shown
1575683849719	Marionette	DEBUG	Resetting recommended pref browser.newtabpage.enabled
1575683849719	Marionette	DEBUG	Resetting recommended pref browser.pagethumbnails.capturing_disabled
1575683849719	Marionette	DEBUG	Resetting recommended pref browser.search.update
1575683849719	Marionette	DEBUG	Resetting recommended pref browser.tabs.disableBackgroundZombification
1575683849720	Marionette	DEBUG	Resetting recommended pref browser.tabs.remote.separatePrivilegedContentProcess
1575683849720	Marionette	DEBUG	Resetting recommended pref browser.tabs.unloadOnLowMemory
1575683849720	Marionette	DEBUG	Resetting recommended pref browser.tabs.warnOnCloseOtherTabs
1575683849720	Marionette	DEBUG	Resetting recommended pref browser.tabs.warnOnOpen
1575683849720	Marionette	DEBUG	Resetting recommended pref browser.usedOnWindows10.introURL
1575683849720	Marionette	DEBUG	Resetting recommended pref browser.urlbar.suggest.searches
1575683849720	Marionette	DEBUG	Resetting recommended pref datareporting.policy.dataSubmissionPolicyAccepted
1575683849720	Marionette	DEBUG	Resetting recommended pref dom.disable_beforeunload
1575683849720	Marionette	DEBUG	Resetting recommended pref dom.disable_open_during_load
1575683849720	Marionette	DEBUG	Resetting recommended pref dom.file.createInChild
1575683849720	Marionette	DEBUG	Resetting recommended pref dom.max_chrome_script_run_time
1575683849720	Marionette	DEBUG	Resetting recommended pref dom.max_script_run_time
1575683849720	Marionette	DEBUG	Resetting recommended pref dom.push.connection.enabled
1575683849720	Marionette	DEBUG	Resetting recommended pref extensions.getAddons.cache.enabled
1575683849720	Marionette	DEBUG	Resetting recommended pref extensions.webservice.discoverURL
1575683849720	Marionette	DEBUG	Resetting recommended pref network.http.prompt-temp-redirect
1575683849720	Marionette	DEBUG	Resetting recommended pref network.http.speculative-parallel-limit
1575683849720	Marionette	DEBUG	Resetting recommended pref privacy.trackingprotection.enabled
1575683849720	Marionette	DEBUG	Resetting recommended pref security.certerrors.mitm.priming.enabled
1575683849720	Marionette	DEBUG	Resetting recommended pref security.fileuri.strict_origin_policy
1575683849721	Marionette	DEBUG	Resetting recommended pref security.notification_enable_delay
1575683849721	Marionette	DEBUG	Resetting recommended pref signon.autofillForms
1575683849721	Marionette	DEBUG	Resetting recommended pref signon.rememberSignons
1575683849721	Marionette	DEBUG	Resetting recommended pref toolkit.cosmeticAnimations.enabled
1575683849721	Marionette	INFO	Stopped listening on port 51107
1575683849721	Marionette	DEBUG	Remote service is inactive
[GP
###!!! [Child][RunMessage] Error: Channel closing: too late to send/recv, messages will be lost

U 36496, Ch1575683866626	geckodriver	INFO	geckodriver 0.21.0
1575683866639	geckodriver	INFO	Listening on 127.0.0.1:51138
1575683869670	mozrunner::runner	INFO	Running command: "D:\\Program Files\\Mozilla Firefox\\firefox.exe" "-marionette" "-foreground" "-no-remote" "-profile" "C:\\Users\\ADMINI~1\\AppData\\Local\\Temp\\rust_mozprofile.Qa6isEGhxZRk"
1575683870061	addons.webextension.screenshots@mozilla.org	WARN	Loading extension 'screenshots@mozilla.org': Reading manifest: Invalid extension permission: mozillaAddons
1575683870062	addons.webextension.screenshots@mozilla.org	WARN	Loading extension 'screenshots@mozilla.org': Reading manifest: Invalid extension permission: telemetry
1575683870062	addons.webextension.screenshots@mozilla.org	WARN	Loading extension 'screenshots@mozilla.org': Reading manifest: Invalid extension permission: resource://pdf.js/
1575683870062	addons.webextension.screenshots@mozilla.org	WARN	Loading extension 'screenshots@mozilla.org': Reading manifest: Invalid extension permission: about:reader*
1575683870120	Marionette	TRACE	Received observer notification profile-after-change
1575683870197	Marionette	TRACE	Received observer notification toplevel-window-ready
1575683870226	Marionette	TRACE	Received observer notification command-line-startup
1575683870226	Marionette	TRACE	Received observer notification nsPref:changed
1575683870226	Marionette	DEBUG	Init aborted (running=false, enabled=true, finalUIStartup=false)
1575683870313	Marionette	TRACE	Received observer notification toplevel-window-ready
JavaScript error: resource://gre/modules/XULStore.jsm, line 66: Error: Can't find profile directory.
WARN: compileToBinary(259): 
C:\fakepath(337,18-133): warning X3571: pow(f, e) will not work for negative f, use abs(f) or conditionally handle negative values if you expect them
C:\fakepath(343,62-116): warning X3571: pow(f, e) will not work for negative f, use abs(f) or conditionally handle negative values if you expect them
C:\fakepath(360,75-84): warning X3556: integer divides may be much slower, try using uints if possible.
C:\fakepath(363,50-59): warning X3556: integer modulus may be much slower, try using uints if possible.
C:\fakepath(383,33-90): warning X3571: pow(f, e) will not work for negative f, use abs(f) or conditionally handle negative values if you expect them
C:\fakepath(174,1-6): warning X4000: use of potentially uninitialized variable (dyn_index_vec4_float4)
C:\fakepath(289,25-29): error X4576: Input array signature parameter  cannot be indexed dynamically.

WARN: compileToBinary(259): 
C:\fakepath(337,18-133): warning X3571: pow(f, e) will not work for negative f, use abs(f) or conditionally handle negative values if you expect them
C:\fakepath(343,62-116): warning X3571: pow(f, e) will not work for negative f, use abs(f) or conditionally handle negative values if you expect them
C:\fakepath(360,75-84): warning X3556: integer divides may be much slower, try using uints if possible.
C:\fakepath(363,50-59): warning X3556: integer modulus may be much slower, try using uints if possible.
C:\fakepath(383,33-90): warning X3571: pow(f, e) will not work for negative f, use abs(f) or conditionally handle negative values if you expect them
C:\fakepath(174,1-6): warning X4000: use of potentially uninitialized variable (dyn_index_vec4_float4)
C:\fakepath(289,25-29): error X4576: Input array signature parameter  cannot be indexed dynamically.

WARN: compileToBinary(259): 
C:\fakepath(360,75-84): warning X3556: integer divides may be much slower, try using uints if possible.
C:\fakepath(363,50-59): warning X3556: integer modulus may be much slower, try using uints if possible.
C:\fakepath(174,1-6): warning X4000: use of potentially uninitialized variable (dyn_index_vec4_float4)
C:\fakepath(225,1): warning X4000: use of potentially uninitialized variable (f_distance_aa)
C:\fakepath(262,1): warning X4000: use of potentially uninitialized variable (f_do_clip)

1575683871887	Marionette	TRACE	Received observer notification marionette-startup-requested
1575683871887	Marionette	TRACE	Waiting until startup recorder finished recording startup scripts...
1575683871892	Marionette	TRACE	All scripts recorded.
1575683871892	Marionette	DEBUG	Setting recommended pref app.update.disabledForTesting to true
1575683871892	Marionette	DEBUG	Setting recommended pref apz.content_response_timeout to 60000
1575683871892	Marionette	DEBUG	Setting recommended pref browser.contentblocking.introCount to 99
1575683871892	Marionette	DEBUG	Setting recommended pref browser.download.panel.shown to true
1575683871892	Marionette	DEBUG	Setting recommended pref browser.newtabpage.enabled to false
1575683871892	Marionette	DEBUG	Setting recommended pref browser.pagethumbnails.capturing_disabled to true
1575683871893	Marionette	DEBUG	Setting recommended pref browser.search.update to false
1575683871893	Marionette	DEBUG	Setting recommended pref browser.tabs.disableBackgroundZombification to false
1575683871893	Marionette	DEBUG	Setting recommended pref browser.tabs.remote.separatePrivilegedContentProcess to false
1575683871893	Marionette	DEBUG	Setting recommended pref browser.tabs.unloadOnLowMemory to false
1575683871893	Marionette	DEBUG	Setting recommended pref browser.tabs.warnOnCloseOtherTabs to false
1575683871893	Marionette	DEBUG	Setting recommended pref browser.tabs.warnOnOpen to false
1575683871893	Marionette	DEBUG	Setting recommended pref browser.usedOnWindows10.introURL to 
1575683871893	Marionette	DEBUG	Setting recommended pref browser.urlbar.suggest.searches to false
1575683871893	Marionette	DEBUG	Setting recommended pref datareporting.policy.dataSubmissionPolicyAccepted to false
1575683871894	Marionette	DEBUG	Setting recommended pref dom.disable_beforeunload to true
1575683871894	Marionette	DEBUG	Setting recommended pref dom.disable_open_during_load to false
1575683871894	Marionette	DEBUG	Setting recommended pref dom.file.createInChild to true
1575683871894	Marionette	DEBUG	Setting recommended pref dom.max_chrome_script_run_time to 0
1575683871894	Marionette	DEBUG	Setting recommended pref dom.max_script_run_time to 0
1575683871894	Marionette	DEBUG	Setting recommended pref dom.push.connection.enabled to false
1575683871894	Marionette	DEBUG	Setting recommended pref extensions.getAddons.cache.enabled to false
1575683871894	Marionette	DEBUG	Setting recommended pref extensions.webservice.discoverURL to http://%(server)s/dummy/discoveryURL
1575683871894	Marionette	DEBUG	Setting recommended pref network.http.prompt-temp-redirect to false
1575683871894	Marionette	DEBUG	Setting recommended pref network.http.speculative-parallel-limit to 0
1575683871895	Marionette	DEBUG	Setting recommended pref privacy.trackingprotection.enabled to false
1575683871895	Marionette	DEBUG	Setting recommended pref security.certerrors.mitm.priming.enabled to false
1575683871895	Marionette	DEBUG	Setting recommended pref security.fileuri.strict_origin_policy to false
1575683871895	Marionette	DEBUG	Setting recommended pref security.notification_enable_delay to 0
1575683871895	Marionette	DEBUG	Setting recommended pref signon.autofillForms to false
1575683871896	Marionette	DEBUG	Setting recommended pref signon.rememberSignons to false
1575683871896	Marionette	DEBUG	Setting recommended pref toolkit.cosmeticAnimations.enabled to false
1575683871920	Marionette	INFO	Listening on port 51147
1575683871920	Marionette	DEBUG	Remote service is active
1575683872415	Marionette	DEBUG	Accepted connection 0 from 127.0.0.1:51163
1575683872416	Marionette	DEBUG	0 -> [0,1,"WebDriver:NewSession",{"acceptInsecureCerts":true,"browserName":"firefox","capabilities":{"desiredCapabilities":{"acceptInsecureCerts":true,"browserName":"firefox"}}}]
1575683872416	Marionette	WARN	TLS certificate errors will be ignored for this session
1575683872432	Marionette	TRACE	[18] Frame script loaded
1575683872433	Marionette	TRACE	[18] Frame script registered
1575683872434	Marionette	DEBUG	0 <- [1,1,null,{"sessionId":"bf29066b-9964-49fc-a48f-3cdba44ef5d5","capabilities":{"browserName":"firefox","browserVersion":"70.0. ... alse,"moz:webdriverClick":true,"capabilities":{"desiredCapabilities":{"acceptInsecureCerts":true,"browserName":"firefox"}}}}]
1575683872450	Marionette	DEBUG	0 -> [0,2,"WebDriver:SetTimeouts",{"implicit":15000}]
1575683872450	Marionette	DEBUG	0 <- [1,2,null,{"value":null}]
1575683872453	Marionette	DEBUG	0 -> [0,3,"WebDriver:Navigate",{"url":"https://www.zhaopin.com/"}]
1575683872458	Marionette	TRACE	[18] Received DOM event beforeunload for about:blank
1575683872993	Marionette	TRACE	[18] Received DOM event pagehide for about:blank
JavaScript warning: https://img00.zhaopin.cn/2014/common/js/jquery-1.9.1.min.js, line 2: Using //@ to indicate sourceMappingURL pragmas is deprecated. Use //# instead
1575683873394	Marionette	TRACE	[18] Received DOM event DOMContentLoaded for https://www.zhaopin.com/
1575683874488	Marionette	TRACE	[18] Received DOM event pageshow for https://www.zhaopin.com/
1575683874489	Marionette	DEBUG	0 <- [1,3,null,{"value":null}]
1575683875499	Marionette	DEBUG	0 -> [0,4,"WebDriver:FindElement",{"using":"css selector","value":".risk-warning__content > button:nth-child(1)"}]
1575683875501	Marionette	DEBUG	0 <- [1,4,null,{"value":{"element-6066-11e4-a52e-4f735466cecf":"c56c212d-e282-45ff-b1bb-00331de02844"}}]
1575683875503	Marionette	DEBUG	0 -> [0,5,"WebDriver:ElementClick",{"id":"c56c212d-e282-45ff-b1bb-00331de02844"}]
1575683875712	Marionette	DEBUG	[18] Canceled page load listener because no navigation has been detected
1575683875713	Marionette	DEBUG	0 <- [1,5,null,{"value":null}]
1575683875715	Marionette	DEBUG	0 -> [0,6,"WebDriver:FindElement",{"using":"css selector","value":".zp-search__input"}]
1575683875716	Marionette	DEBUG	0 <- [1,6,null,{"value":{"element-6066-11e4-a52e-4f735466cecf":"1e4847fe-c35f-4fbd-92c2-785d1aa1a64b"}}]
1575683875719	Marionette	DEBUG	0 -> [0,7,"WebDriver:ElementSendKeys",{"id":"1e4847fe-c35f-4fbd-92c2-785d1aa1a64b","text":"自动化测试","value":["自","动","化","测","试"]}]
1575683875736	Marionette	DEBUG	0 <- [1,7,null,{"value":null}]
1575683876739	Marionette	DEBUG	0 -> [0,8,"WebDriver:FindElement",{"using":"css selector","value":".zp-search"}]
1575683876741	Marionette	DEBUG	0 <- [1,8,null,{"value":{"element-6066-11e4-a52e-4f735466cecf":"c0c06971-fb06-4dfd-87c1-72b1e9ab4b4d"}}]
1575683876742	Marionette	DEBUG	0 -> [0,9,"WebDriver:ElementClick",{"id":"c0c06971-fb06-4dfd-87c1-72b1e9ab4b4d"}]
1575683876772	Marionette	TRACE	[6442450947] Frame script loaded
1575683876774	Marionette	TRACE	[6442450947] Frame script registered
1575683876977	Marionette	DEBUG	[18] Canceled page load listener because no navigation has been detected
1575683876978	Marionette	DEBUG	0 <- [1,9,null,{"value":null}]
1575683876993	Marionette	DEBUG	Closed connection 0
WebGL(000001907E790000)::ForceLoseContext
[Parent 37468, Gecko_IOThread] WARNING: pipe error: 109: file z:/task_1572401533/build/src/ipc/chromium/src/chrome/common/ipc_channel_win.cc, line 341
[Child 6448, Chrome_ChildThread] WARNING: pipe error: 109: file z:/task_1572401533/build/src/ipc/chromium/src/chrome/common/ipc_channel_wi[Paren.cc, linne 341
t 37468,[Child 6 Gecko_IOThread] WARNING: pipe error: 109: file z:/task_1572401533/build/src/ipc/chromium/src/chrome/common/ipc_channel_win.cc, line 341
[Child 8532, Chrome_ChildThread] WARNING: pipe error: 109: file z:/task_1572401533/build/src/ipc/chromium/src/chrome/common/ipc_channel_win.cc, line 341
[Child 8532, Chrom[Child 35848, Chrome_ChildThread] WARNING: pipe error: 109: file z:/task_1572401533/build/src/ipc/chromium/src/chrome/common/ipc_channel_win.cc, line 341
[Child 35848, Chrome1575683886090	Marionette	TRACE	Received observer notification xpcom-will-shutdown
1575683886090	Marionette	DEBUG	Resetting recommended pref app.update.disabledForTesting
1575683886090	Marionette	DEBUG	Resetting recommended pref apz.content_response_timeout
1575683886090	Marionette	DEBUG	Resetting recommended pref browser.contentblocking.introCount
1575683886090	Marionette	DEBUG	Resetting recommended pref browser.download.panel.shown
1575683886090	Marionette	DEBUG	Resetting recommended pref browser.newtabpage.enabled
1575683886090	Marionette	DEBUG	Resetting recommended pref browser.pagethumbnails.capturing_disabled
1575683886090	Marionette	DEBUG	Resetting recommended pref browser.search.update
1575683886090	Marionette	DEBUG	Resetting recommended pref browser.tabs.disableBackgroundZombification
1575683886090	Marionette	DEBUG	Resetting recommended pref browser.tabs.remote.separatePrivilegedContentProcess
1575683886090	Marionette	DEBUG	Resetting recommended pref browser.tabs.unloadOnLowMemory
1575683886091	Marionette	DEBUG	Resetting recommended pref browser.tabs.warnOnCloseOtherTabs
1575683886091	Marionette	DEBUG	Resetting recommended pref browser.tabs.warnOnOpen
1575683886091	Marionette	DEBUG	Resetting recommended pref browser.usedOnWindows10.introURL
1575683886091	Marionette	DEBUG	Resetting recommended pref browser.urlbar.suggest.searches
1575683886091	Marionette	DEBUG	Resetting recommended pref datareporting.policy.dataSubmissionPolicyAccepted
1575683886091	Marionette	DEBUG	Resetting recommended pref dom.disable_beforeunload
1575683886091	Marionette	DEBUG	Resetting recommended pref dom.disable_open_during_load
1575683886091	Marionette	DEBUG	Resetting recommended pref dom.file.createInChild
1575683886091	Marionette	DEBUG	Resetting recommended pref dom.max_chrome_script_run_time
1575683886091	Marionette	DEBUG	Resetting recommended pref dom.max_script_run_time
1575683886091	Marionette	DEBUG	Resetting recommended pref dom.push.connection.enabled
1575683886091	Marionette	DEBUG	Resetting recommended pref extensions.getAddons.cache.enabled
1575683886091	Marionette	DEBUG	Resetting recommended pref extensions.webservice.discoverURL
1575683886091	Marionette	DEBUG	Resetting recommended pref network.http.prompt-temp-redirect
1575683886091	Marionette	DEBUG	Resetting recommended pref network.http.speculative-parallel-limit
1575683886091	Marionette	DEBUG	Resetting recommended pref privacy.trackingprotection.enabled
1575683886091	Marionette	DEBUG	Resetting recommended pref security.certerrors.mitm.priming.enabled
1575683886092	Marionette	DEBUG	Resetting recommended pref security.fileuri.strict_origin_policy
1575683886092	Marionette	DEBUG	Resetting recommended pref security.notification_enable_delay
1575683886092	Marionette	DEBUG	Resetting recommended pref signon.autofillForms
1575683886092	Marionette	DEBUG	Resetting recommended pref signon.rememberSignons
1575683886092	Marionette	DEBUG	Resetting recommended pref toolkit.cosmeticAnimations.enabled
1575683886092	Marionette	INFO	Stopped listening on port 51147
1575683886092	Marionette	DEBUG	Remote service is inactive

###!!! [Child][RunMessage] Error: Channel closing: too late to send/recv, messages will be lost

[
###!!! [Child][MessageChannel::SendAndWait] Error: Channel error: cannot send/recv

1575683887450	geckodriver	INFO	geckodriver 0.21.0
1575683887460	geckodriver	INFO	Listening on 127.0.0.1:51251
1575683890545	mozrunner::runner	INFO	Running command: "D:\\Program Files\\Mozilla Firefox\\firefox.exe" "-marionette" "-foreground" "-no-remote" "-profile" "C:\\Users\\ADMINI~1\\AppData\\Local\\Temp\\rust_mozprofile.pGfyFSjzIjbt"
1575683890932	addons.webextension.screenshots@mozilla.org	WARN	Loading extension 'screenshots@mozilla.org': Reading manifest: Invalid extension permission: mozillaAddons
1575683890932	addons.webextension.screenshots@mozilla.org	WARN	Loading extension 'screenshots@mozilla.org': Reading manifest: Invalid extension permission: telemetry
1575683890932	addons.webextension.screenshots@mozilla.org	WARN	Loading extension 'screenshots@mozilla.org': Reading manifest: Invalid extension permission: resource://pdf.js/
1575683890932	addons.webextension.screenshots@mozilla.org	WARN	Loading extension 'screenshots@mozilla.org': Reading manifest: Invalid extension permission: about:reader*
1575683890989	Marionette	TRACE	Received observer notification profile-after-change
1575683891069	Marionette	TRACE	Received observer notification toplevel-window-ready
1575683891098	Marionette	TRACE	Received observer notification command-line-startup
1575683891099	Marionette	TRACE	Received observer notification nsPref:changed
1575683891099	Marionette	DEBUG	Init aborted (running=false, enabled=true, finalUIStartup=false)
1575683891186	Marionette	TRACE	Received observer notification toplevel-window-ready
JavaScript error: resource://gre/modules/XULStore.jsm, line 66: Error: Can't find profile directory.
WARN: compileToBinary(259): 
C:\fakepath(337,18-133): warning X3571: pow(f, e) will not work for negative f, use abs(f) or conditionally handle negative values if you expect them
C:\fakepath(343,62-116): warning X3571: pow(f, e) will not work for negative f, use abs(f) or conditionally handle negative values if you expect them
C:\fakepath(360,75-84): warning X3556: integer divides may be much slower, try using uints if possible.
C:\fakepath(363,50-59): warning X3556: integer modulus may be much slower, try using uints if possible.
C:\fakepath(383,33-90): warning X3571: pow(f, e) will not work for negative f, use abs(f) or conditionally handle negative values if you expect them
C:\fakepath(174,1-6): warning X4000: use of potentially uninitialized variable (dyn_index_vec4_float4)
C:\fakepath(289,25-29): error X4576: Input array signature parameter  cannot be indexed dynamically.

WARN: compileToBinary(259): 
C:\fakepath(337,18-133): warning X3571: pow(f, e) will not work for negative f, use abs(f) or conditionally handle negative values if you expect them
C:\fakepath(343,62-116): warning X3571: pow(f, e) will not work for negative f, use abs(f) or conditionally handle negative values if you expect them
C:\fakepath(360,75-84): warning X3556: integer divides may be much slower, try using uints if possible.
C:\fakepath(363,50-59): warning X3556: integer modulus may be much slower, try using uints if possible.
C:\fakepath(383,33-90): warning X3571: pow(f, e) will not work for negative f, use abs(f) or conditionally handle negative values if you expect them
C:\fakepath(174,1-6): warning X4000: use of potentially uninitialized variable (dyn_index_vec4_float4)
C:\fakepath(289,25-29): error X4576: Input array signature parameter  cannot be indexed dynamically.

WARN: compileToBinary(259): 
C:\fakepath(360,75-84): warning X3556: integer divides may be much slower, try using uints if possible.
C:\fakepath(363,50-59): warning X3556: integer modulus may be much slower, try using uints if possible.
C:\fakepath(174,1-6): warning X4000: use of potentially uninitialized variable (dyn_index_vec4_float4)
C:\fakepath(225,1): warning X4000: use of potentially uninitialized variable (f_distance_aa)
C:\fakepath(262,1): warning X4000: use of potentially uninitialized variable (f_do_clip)

1575683892730	Marionette	TRACE	Received observer notification marionette-startup-requested
1575683892730	Marionette	TRACE	Waiting until startup recorder finished recording startup scripts...
1575683892734	Marionette	TRACE	All scripts recorded.
1575683892735	Marionette	DEBUG	Setting recommended pref app.update.disabledForTesting to true
1575683892735	Marionette	DEBUG	Setting recommended pref apz.content_response_timeout to 60000
1575683892735	Marionette	DEBUG	Setting recommended pref browser.contentblocking.introCount to 99
1575683892735	Marionette	DEBUG	Setting recommended pref browser.download.panel.shown to true
1575683892735	Marionette	DEBUG	Setting recommended pref browser.newtabpage.enabled to false
1575683892736	Marionette	DEBUG	Setting recommended pref browser.pagethumbnails.capturing_disabled to true
1575683892736	Marionette	DEBUG	Setting recommended pref browser.search.update to false
1575683892736	Marionette	DEBUG	Setting recommended pref browser.tabs.disableBackgroundZombification to false
1575683892736	Marionette	DEBUG	Setting recommended pref browser.tabs.remote.separatePrivilegedContentProcess to false
1575683892736	Marionette	DEBUG	Setting recommended pref browser.tabs.unloadOnLowMemory to false
1575683892736	Marionette	DEBUG	Setting recommended pref browser.tabs.warnOnCloseOtherTabs to false
1575683892736	Marionette	DEBUG	Setting recommended pref browser.tabs.warnOnOpen to false
1575683892736	Marionette	DEBUG	Setting recommended pref browser.usedOnWindows10.introURL to 
1575683892736	Marionette	DEBUG	Setting recommended pref browser.urlbar.suggest.searches to false
1575683892737	Marionette	DEBUG	Setting recommended pref datareporting.policy.dataSubmissionPolicyAccepted to false
1575683892737	Marionette	DEBUG	Setting recommended pref dom.disable_beforeunload to true
1575683892737	Marionette	DEBUG	Setting recommended pref dom.disable_open_during_load to false
1575683892737	Marionette	DEBUG	Setting recommended pref dom.file.createInChild to true
1575683892737	Marionette	DEBUG	Setting recommended pref dom.max_chrome_script_run_time to 0
1575683892737	Marionette	DEBUG	Setting recommended pref dom.max_script_run_time to 0
1575683892737	Marionette	DEBUG	Setting recommended pref dom.push.connection.enabled to false
1575683892738	Marionette	DEBUG	Setting recommended pref extensions.getAddons.cache.enabled to false
1575683892738	Marionette	DEBUG	Setting recommended pref extensions.webservice.discoverURL to http://%(server)s/dummy/discoveryURL
1575683892738	Marionette	DEBUG	Setting recommended pref network.http.prompt-temp-redirect to false
1575683892738	Marionette	DEBUG	Setting recommended pref network.http.speculative-parallel-limit to 0
1575683892738	Marionette	DEBUG	Setting recommended pref privacy.trackingprotection.enabled to false
1575683892738	Marionette	DEBUG	Setting recommended pref security.certerrors.mitm.priming.enabled to false
1575683892738	Marionette	DEBUG	Setting recommended pref security.fileuri.strict_origin_policy to false
1575683892739	Marionette	DEBUG	Setting recommended pref security.notification_enable_delay to 0
1575683892739	Marionette	DEBUG	Setting recommended pref signon.autofillForms to false
1575683892739	Marionette	DEBUG	Setting recommended pref signon.rememberSignons to false
1575683892739	Marionette	DEBUG	Setting recommended pref toolkit.cosmeticAnimations.enabled to false
1575683892763	Marionette	INFO	Listening on port 51260
1575683892763	Marionette	DEBUG	Remote service is active
1575683892853	Marionette	DEBUG	Accepted connection 0 from 127.0.0.1:51277
1575683892855	Marionette	DEBUG	0 -> [0,1,"WebDriver:NewSession",{"acceptInsecureCerts":true,"browserName":"firefox","capabilities":{"desiredCapabilities":{"acceptInsecureCerts":true,"browserName":"firefox"}}}]
1575683892856	Marionette	WARN	TLS certificate errors will be ignored for this session
1575683892870	Marionette	TRACE	[18] Frame script loaded
1575683892892	Marionette	TRACE	[18] Frame script registered
1575683892893	Marionette	DEBUG	0 <- [1,1,null,{"sessionId":"f6c29c18-0679-4d90-be5d-a5abc1e61d80","capabilities":{"browserName":"firefox","browserVersion":"70.0. ... alse,"moz:webdriverClick":true,"capabilities":{"desiredCapabilities":{"acceptInsecureCerts":true,"browserName":"firefox"}}}}]
1575683892908	Marionette	DEBUG	0 -> [0,2,"WebDriver:SetTimeouts",{"implicit":15000}]
1575683892909	Marionette	DEBUG	0 <- [1,2,null,{"value":null}]
1575683892911	Marionette	DEBUG	0 -> [0,3,"WebDriver:Navigate",{"url":"https://www.zhaopin.com/"}]
1575683892916	Marionette	TRACE	[18] Received DOM event beforeunload for about:blank
1575683893128	Marionette	TRACE	[18] Received DOM event pagehide for about:blank
JavaScript warning: https://img00.zhaopin.cn/2014/common/js/jquery-1.9.1.min.js, line 2: Using //@ to indicate sourceMappingURL pragmas is deprecated. Use //# instead
1575683893632	Marionette	TRACE	[18] Received DOM event DOMContentLoaded for https://www.zhaopin.com/
1575683894543	Marionette	TRACE	[18] Received DOM event pageshow for https://www.zhaopin.com/
1575683894544	Marionette	DEBUG	0 <- [1,3,null,{"value":null}]
1575683895547	Marionette	DEBUG	0 -> [0,4,"WebDriver:FindElement",{"using":"css selector","value":".risk-warning__content > button:nth-child(1)"}]
1575683895549	Marionette	DEBUG	0 <- [1,4,null,{"value":{"element-6066-11e4-a52e-4f735466cecf":"5cc3c77f-0789-443b-8db1-327d5e476709"}}]
1575683895551	Marionette	DEBUG	0 -> [0,5,"WebDriver:ElementClick",{"id":"5cc3c77f-0789-443b-8db1-327d5e476709"}]
1575683895760	Marionette	DEBUG	[18] Canceled page load listener because no navigation has been detected
1575683895761	Marionette	DEBUG	0 <- [1,5,null,{"value":null}]
1575683895763	Marionette	DEBUG	0 -> [0,6,"WebDriver:FindElement",{"using":"css selector","value":".zp-search__input"}]
1575683895764	Marionette	DEBUG	0 <- [1,6,null,{"value":{"element-6066-11e4-a52e-4f735466cecf":"05deb451-7b99-4069-98d8-8bed46b148c4"}}]
1575683895766	Marionette	DEBUG	0 -> [0,7,"WebDriver:ElementSendKeys",{"id":"05deb451-7b99-4069-98d8-8bed46b148c4","text":"自动化测试","value":["自","动","化","测","试"]}]
1575683895783	Marionette	DEBUG	0 <- [1,7,null,{"value":null}]
1575683896790	Marionette	DEBUG	0 -> [0,8,"WebDriver:FindElement",{"using":"css selector","value":".zp-search"}]
1575683896791	Marionette	DEBUG	0 <- [1,8,null,{"value":{"element-6066-11e4-a52e-4f735466cecf":"238468f2-53f4-4236-b35b-7bebdd0603ab"}}]
1575683896793	Marionette	DEBUG	0 -> [0,9,"WebDriver:ElementClick",{"id":"238468f2-53f4-4236-b35b-7bebdd0603ab"}]
1575683896822	Marionette	TRACE	[6442450947] Frame script loaded
1575683896823	Marionette	TRACE	[6442450947] Frame script registered
1575683897028	Marionette	DEBUG	[18] Canceled page load listener because no navigation has been detected
1575683897029	Marionette	DEBUG	0 <- [1,9,null,{"value":null}]
1575683897047	Marionette	DEBUG	Closed connection 0
WebGL(000001EB93E64000)::ForceLoseContext
[Parent 35404, Gecko_IOThread] WARNING: pipe error: 109: file z:/task_1572401533/build/src/ipc/chromium/src/chrome/common/ipc_channel_win.cc, line 341
[Child 6972, Chrome_ChildThread] WARNING: pipe error: 109: file z:/task_1572401533/build[Child 36140, Chrome_ChildThread] WARNING: pi/pe error: src/ipc/chromium/src/chrome/commo1n/ipc_channel_win.cc, lin09: file z:/task_1572401533/build/src/ipc/chromium/src/che 341
rome/common/i[Child 6972, Cpc_channel_win.cc, line 341
[Child 3[Parent 35404, Gecko_IOThread] WARNING: pipe error: 109: file z:/task_1572401533/build/src/ipc/chromium/src/chrome/common/ipc_channel_win.cc, line 341
[Child 26304, Chrome_ChildThread] WARNING: pipe error: 109: file z:/task_1572401533/build/src/ipc/chromium/src/chrome/common/ipc_channel_win.cc, line 341
[Child 2631575683967349	Marionette	TRACE	Received observer notification xpcom-will-shutdown
1575683967349	Marionette	DEBUG	Resetting recommended pref app.update.disabledForTesting
1575683967350	Marionette	DEBUG	Resetting recommended pref apz.content_response_timeout
1575683967350	Marionette	DEBUG	Resetting recommended pref browser.contentblocking.introCount
1575683967350	Marionette	DEBUG	Resetting recommended pref browser.download.panel.shown
1575683967350	Marionette	DEBUG	Resetting recommended pref browser.newtabpage.enabled
1575683967350	Marionette	DEBUG	Resetting recommended pref browser.pagethumbnails.capturing_disabled
1575683967350	Marionette	DEBUG	Resetting recommended pref browser.search.update
1575683967350	Marionette	DEBUG	Resetting recommended pref browser.tabs.disableBackgroundZombification
1575683967350	Marionette	DEBUG	Resetting recommended pref browser.tabs.remote.separatePrivilegedContentProcess
1575683967350	Marionette	DEBUG	Resetting recommended pref browser.tabs.unloadOnLowMemory
1575683967350	Marionette	DEBUG	Resetting recommended pref browser.tabs.warnOnCloseOtherTabs
1575683967350	Marionette	DEBUG	Resetting recommended pref browser.tabs.warnOnOpen
1575683967350	Marionette	DEBUG	Resetting recommended pref browser.usedOnWindows10.introURL
1575683967350	Marionette	DEBUG	Resetting recommended pref browser.urlbar.suggest.searches
1575683967351	Marionette	DEBUG	Resetting recommended pref datareporting.policy.dataSubmissionPolicyAccepted
1575683967351	Marionette	DEBUG	Resetting recommended pref dom.disable_beforeunload
1575683967351	Marionette	DEBUG	Resetting recommended pref dom.disable_open_during_load
1575683967351	Marionette	DEBUG	Resetting recommended pref dom.file.createInChild
1575683967351	Marionette	DEBUG	Resetting recommended pref dom.max_chrome_script_run_time
1575683967351	Marionette	DEBUG	Resetting recommended pref dom.max_script_run_time
1575683967351	Marionette	DEBUG	Resetting recommended pref dom.push.connection.enabled
1575683967351	Marionette	DEBUG	Resetting recommended pref extensions.getAddons.cache.enabled
1575683967351	Marionette	DEBUG	Resetting recommended pref extensions.webservice.discoverURL
1575683967351	Marionette	DEBUG	Resetting recommended pref network.http.prompt-temp-redirect
1575683967351	Marionette	DEBUG	Resetting recommended pref network.http.speculative-parallel-limit
1575683967351	Marionette	DEBUG	Resetting recommended pref privacy.trackingprotection.enabled
1575683967351	Marionette	DEBUG	Resetting recommended pref security.certerrors.mitm.priming.enabled
1575683967351	Marionette	DEBUG	Resetting recommended pref security.fileuri.strict_origin_policy
1575683967351	Marionette	DEBUG	Resetting recommended pref security.notification_enable_delay
1575683967351	Marionette	DEBUG	Resetting recommended pref signon.autofillForms
1575683967351	Marionette	DEBUG	Resetting recommended pref signon.rememberSignons
1575683967352	Marionette	DEBUG	Resetting recommended pref toolkit.cosmeticAnimations.enabled
1575683967352	Marionette	INFO	Stopped listening on port 51260
1575683967352	Marionette	DEBUG	Remote service is inactive

###!!! [Child][RunMessage] Error: Channel closing: too late to send/recv, messages will be lost

[GPU 36968, Chrome_Child
###!!! [Child][MessageChannel::SendAndWait] Error: Channel error: cannot send/recv

cripts...
1575683923145	Marionette	TRACE	All scripts recorded.
1575683923145	Marionette	DEBUG	Setting recommended pref app.update.disabledForTesting to true
1575683923145	Marionette	DEBUG	Setting recommended pref apz.content_response_timeout to 60000
1575683923146	Marionette	DEBUG	Setting recommended pref browser.contentblocking.introCount to 99
1575683923146	Marionette	DEBUG	Setting recommended pref browser.download.panel.shown to true
1575683923146	Marionette	DEBUG	Setting recommended pref browser.newtabpage.enabled to false
1575683923146	Marionette	DEBUG	Setting recommended pref browser.pagethumbnails.capturing_disabled to true
1575683923146	Marionette	DEBUG	Setting recommended pref browser.search.update to false
1575683923147	Marionette	DEBUG	Setting recommended pref browser.tabs.disableBackgroundZombification to false
1575683923147	Marionette	DEBUG	Setting recommended pref browser.tabs.remote.separatePrivilegedContentProcess to false
1575683923147	Marionette	DEBUG	Setting recommended pref browser.tabs.unloadOnLowMemory to false
1575683923147	Marionette	DEBUG	Setting recommended pref browser.tabs.warnOnCloseOtherTabs to false
1575683923147	Marionette	DEBUG	Setting recommended pref browser.tabs.warnOnOpen to false
1575683923147	Marionette	DEBUG	Setting recommended pref browser.usedOnWindows10.introURL to 
1575683923147	Marionette	DEBUG	Setting recommended pref browser.urlbar.suggest.searches to false
1575683923147	Marionette	DEBUG	Setting recommended pref datareporting.policy.dataSubmissionPolicyAccepted to false
1575683923147	Marionette	DEBUG	Setting recommended pref dom.disable_beforeunload to true
1575683923147	Marionette	DEBUG	Setting recommended pref dom.disable_open_during_load to false
1575683923147	Marionette	DEBUG	Setting recommended pref dom.file.createInChild to true
1575683923147	Marionette	DEBUG	Setting recommended pref dom.max_chrome_script_run_time to 0
1575683923148	Marionette	DEBUG	Setting recommended pref dom.max_script_run_time to 0
1575683923148	Marionette	DEBUG	Setting recommended pref dom.push.connection.enabled to false
1575683923148	Marionette	DEBUG	Setting recommended pref extensions.getAddons.cache.enabled to false
1575683923148	Marionette	DEBUG	Setting recommended pref extensions.webservice.discoverURL to http://%(server)s/dummy/discoveryURL
1575683923148	Marionette	DEBUG	Setting recommended pref network.http.prompt-temp-redirect to false
1575683923148	Marionette	DEBUG	Setting recommended pref network.http.speculative-parallel-limit to 0
1575683923149	Marionette	DEBUG	Setting recommended pref privacy.trackingprotection.enabled to false
1575683923149	Marionette	DEBUG	Setting recommended pref security.certerrors.mitm.priming.enabled to false
1575683923149	Marionette	DEBUG	Setting recommended pref security.fileuri.strict_origin_policy to false
1575683923149	Marionette	DEBUG	Setting recommended pref security.notification_enable_delay to 0
1575683923149	Marionette	DEBUG	Setting recommended pref signon.autofillForms to false
1575683923149	Marionette	DEBUG	Setting recommended pref signon.rememberSignons to false
1575683923149	Marionette	DEBUG	Setting recommended pref toolkit.cosmeticAnimations.enabled to false
1575683923173	Marionette	INFO	Listening on port 51369
1575683923174	Marionette	DEBUG	Remote service is active
1575683923234	Marionette	DEBUG	Accepted connection 0 from 127.0.0.1:51389
1575683923235	Marionette	DEBUG	0 -> [0,1,"WebDriver:NewSession",{"acceptInsecureCerts":true,"browserName":"firefox","capabilities":{"desiredCapabilities":{"acceptInsecureCerts":true,"browserName":"firefox"}}}]
1575683923235	Marionette	WARN	TLS certificate errors will be ignored for this session
1575683923250	Marionette	TRACE	[18] Frame script loaded
1575683923252	Marionette	TRACE	[18] Frame script registered
1575683923253	Marionette	DEBUG	0 <- [1,1,null,{"sessionId":"585c5cc2-8f49-488d-a959-e8dd2175c5f6","capabilities":{"browserName":"firefox","browserVersion":"70.0. ... alse,"moz:webdriverClick":true,"capabilities":{"desiredCapabilities":{"acceptInsecureCerts":true,"browserName":"firefox"}}}}]
1575683923269	Marionette	DEBUG	0 -> [0,2,"WebDriver:SetTimeouts",{"implicit":15000}]
1575683923269	Marionette	DEBUG	0 <- [1,2,null,{"value":null}]
1575683923272	Marionette	DEBUG	0 -> [0,3,"WebDriver:Navigate",{"url":"https://www.zhaopin.com/"}]
1575683923277	Marionette	TRACE	[18] Received DOM event beforeunload for about:blank
1575683923659	Marionette	TRACE	[18] Received DOM event pagehide for about:blank
JavaScript warning: https://img00.zhaopin.cn/2014/common/js/jquery-1.9.1.min.js, line 2: Using //@ to indicate sourceMappingURL pragmas is deprecated. Use //# instead
1575683924038	Marionette	TRACE	[18] Received DOM event DOMContentLoaded for https://www.zhaopin.com/
1575683924989	Marionette	TRACE	[18] Received DOM event pageshow for https://www.zhaopin.com/
1575683924989	Marionette	DEBUG	0 <- [1,3,null,{"value":null}]
1575683925992	Marionette	DEBUG	0 -> [0,4,"WebDriver:FindElement",{"using":"css selector","value":".risk-warning__content > button:nth-child(1)"}]
1575683925993	Marionette	DEBUG	0 <- [1,4,null,{"value":{"element-6066-11e4-a52e-4f735466cecf":"1b245f7a-f8ff-44ee-96c2-03cb82d47d4e"}}]
1575683925995	Marionette	DEBUG	0 -> [0,5,"WebDriver:ElementClick",{"id":"1b245f7a-f8ff-44ee-96c2-03cb82d47d4e"}]
1575683926205	Marionette	DEBUG	[18] Canceled page load listener because no navigation has been detected
1575683926206	Marionette	DEBUG	0 <- [1,5,null,{"value":null}]
1575683926210	Marionette	DEBUG	0 -> [0,6,"WebDriver:FindElement",{"using":"css selector","value":".zp-search__input"}]
1575683926211	Marionette	DEBUG	0 <- [1,6,null,{"value":{"element-6066-11e4-a52e-4f735466cecf":"e608313e-3ba8-4e97-bfde-e38689b6a683"}}]
1575683926215	Marionette	DEBUG	0 -> [0,7,"WebDriver:ElementSendKeys",{"id":"e608313e-3ba8-4e97-bfde-e38689b6a683","text":"自动化测试","value":["自","动","化","测","试"]}]
1575683926231	Marionette	DEBUG	0 <- [1,7,null,{"value":null}]
1575683927236	Marionette	DEBUG	0 -> [0,8,"WebDriver:FindElement",{"using":"css selector","value":".zp-search"}]
1575683927237	Marionette	DEBUG	0 <- [1,8,null,{"value":{"element-6066-11e4-a52e-4f735466cecf":"0b4214e5-f038-43ec-b8ae-6e32f7243cd2"}}]
1575683927238	Marionette	DEBUG	0 -> [0,9,"WebDriver:ElementClick",{"id":"0b4214e5-f038-43ec-b8ae-6e32f7243cd2"}]
1575683927264	Marionette	TRACE	[6442450947] Frame script loaded
1575683927266	Marionette	TRACE	[6442450947] Frame script registered
1575683927472	Marionette	DEBUG	[18] Canceled page load listener because no navigation has been detected
1575683927474	Marionette	DEBUG	0 <- [1,9,null,{"value":null}]
WebGL(0000015609726800)::ForceLoseContext
1575683933502	Marionette	DEBUG	0 -> [0,10,"WebDriver:FindElement",{"using":"css selector","value":"div.query-others__title:nth-child(2) > div:nth-child(1)"}]
1575683948513	Marionette	DEBUG	0 <- [1,10,{"error":"no such element","message":"Unable to locate element: div.query-others__title:nth-child(2) > div:nth-child(1) ... entError@chrome://marionette/content/error.js:387:5\nelement.find/</<@chrome://marionette/content/element.js:343:16\n"},null]
1575683948532	Marionette	DEBUG	Closed connection 0
[Parent 38688, Gecko_IOThread] WARNING: pipe error: 109: file z:/task_1572401533/build/src/ipc/chromium/src/chrome/common/ipc_channel_win.cc, line 341
[Child 38328, Chrome_ChildThread] WARNING: pipe error: 109: file z:/task_1572401533/build/src/ipc/chromium/src/chro[Child 38416, Chrome_ChildThreadm] WARNING: pipe error: 109: filee/ common/ipc_channel_win.cc, line 341
z:/task_1572401533/build/src/ipc/chromium/src/chrome/common/ipc_channel_win.cc, line 341
[Child 38416, Chrome_ChildThread] WARNING: [Parent 38688, Gecko_IOThread] WARNING: pipe error: 109: file z:/task_1572401533/build/src/ipc/chromium/src/chrome/common/ipc_channel_win.cc, line 341
[Child 38120, Chrome_ChildThread] WARNING: pipe error: 109: file z:/task_1572401533/build/src/ipc/chromium/src/chrome/common/ipc_channel_win.cc, line 341
[Child 381575683964050	Marionette	TRACE	Received observer notification xpcom-will-shutdown
1575683964050	Marionette	DEBUG	Resetting recommended pref app.update.disabledForTesting
1575683964050	Marionette	DEBUG	Resetting recommended pref apz.content_response_timeout
1575683964050	Marionette	DEBUG	Resetting recommended pref browser.contentblocking.introCount
1575683964050	Marionette	DEBUG	Resetting recommended pref browser.download.panel.shown
1575683964050	Marionette	DEBUG	Resetting recommended pref browser.newtabpage.enabled
1575683964051	Marionette	DEBUG	Resetting recommended pref browser.pagethumbnails.capturing_disabled
1575683964051	Marionette	DEBUG	Resetting recommended pref browser.search.update
1575683964051	Marionette	DEBUG	Resetting recommended pref browser.tabs.disableBackgroundZombification
1575683964051	Marionette	DEBUG	Resetting recommended pref browser.tabs.remote.separatePrivilegedContentProcess
1575683964051	Marionette	DEBUG	Resetting recommended pref browser.tabs.unloadOnLowMemory
1575683964051	Marionette	DEBUG	Resetting recommended pref browser.tabs.warnOnCloseOtherTabs
1575683964051	Marionette	DEBUG	Resetting recommended pref browser.tabs.warnOnOpen
1575683964051	Marionette	DEBUG	Resetting recommended pref browser.usedOnWindows10.introURL
1575683964051	Marionette	DEBUG	Resetting recommended pref browser.urlbar.suggest.searches
1575683964051	Marionette	DEBUG	Resetting recommended pref datareporting.policy.dataSubmissionPolicyAccepted
1575683964051	Marionette	DEBUG	Resetting recommended pref dom.disable_beforeunload
1575683964051	Marionette	DEBUG	Resetting recommended pref dom.disable_open_during_load
1575683964051	Marionette	DEBUG	Resetting recommended pref dom.file.createInChild
1575683964051	Marionette	DEBUG	Resetting recommended pref dom.max_chrome_script_run_time
1575683964051	Marionette	DEBUG	Resetting recommended pref dom.max_script_run_time
1575683964052	Marionette	DEBUG	Resetting recommended pref dom.push.connection.enabled
1575683964052	Marionette	DEBUG	Resetting recommended pref extensions.getAddons.cache.enabled
1575683964052	Marionette	DEBUG	Resetting recommended pref extensions.webservice.discoverURL
1575683964052	Marionette	DEBUG	Resetting recommended pref network.http.prompt-temp-redirect
1575683964052	Marionette	DEBUG	Resetting recommended pref network.http.speculative-parallel-limit
1575683964052	Marionette	DEBUG	Resetting recommended pref privacy.trackingprotection.enabled
1575683964052	Marionette	DEBUG	Resetting recommended pref security.certerrors.mitm.priming.enabled
1575683964052	Marionette	DEBUG	Resetting recommended pref security.fileuri.strict_origin_policy
1575683964052	Marionette	DEBUG	Resetting recommended pref security.notification_enable_delay
1575683964052	Marionette	DEBUG	Resetting recommended pref signon.autofillForms
1575683964052	Marionette	DEBUG	Resetting recommended pref signon.rememberSignons
1575683964052	Marionette	DEBUG	Resetting recommended pref toolkit.cosmeticAnimations.enabled
1575683964052	Marionette	INFO	Stopped listening on port 51369
1575683964052	Marionette	DEBUG	Remote service is inactive

###!!! [Child][RunMessage] Error: Channel closing: too late to send/recv, messages will be lost

[
###!!! [Child][MessageChannel::SendAndWait] Error: Channel error: cannot send/recv

1575685756414	geckodriver	INFO	geckodriver 0.21.0
1575685756427	geckodriver	INFO	Listening on 127.0.0.1:52318
1575685759463	mozrunner::runner	INFO	Running command: "D:\\Program Files\\Mozilla Firefox\\firefox.exe" "-marionette" "-foreground" "-no-remote" "-profile" "C:\\Users\\ADMINI~1\\AppData\\Local\\Temp\\rust_mozprofile.QUqzDAQqqTOh"
1575685759882	addons.webextension.screenshots@mozilla.org	WARN	Loading extension 'screenshots@mozilla.org': Reading manifest: Invalid extension permission: mozillaAddons
1575685759883	addons.webextension.screenshots@mozilla.org	WARN	Loading extension 'screenshots@mozilla.org': Reading manifest: Invalid extension permission: telemetry
1575685759883	addons.webextension.screenshots@mozilla.org	WARN	Loading extension 'screenshots@mozilla.org': Reading manifest: Invalid extension permission: resource://pdf.js/
1575685759883	addons.webextension.screenshots@mozilla.org	WARN	Loading extension 'screenshots@mozilla.org': Reading manifest: Invalid extension permission: about:reader*
1575685759941	Marionette	TRACE	Received observer notification profile-after-change
1575685760027	Marionette	TRACE	Received observer notification toplevel-window-ready
1575685760061	Marionette	TRACE	Received observer notification command-line-startup
1575685760062	Marionette	TRACE	Received observer notification nsPref:changed
1575685760062	Marionette	DEBUG	Init aborted (running=false, enabled=true, finalUIStartup=false)
1575685760156	Marionette	TRACE	Received observer notification toplevel-window-ready
JavaScript error: resource://gre/modules/XULStore.jsm, line 66: Error: Can't find profile directory.
WARN: compileToBinary(259): 
C:\fakepath(337,18-133): warning X3571: pow(f, e) will not work for negative f, use abs(f) or conditionally handle negative values if you expect them
C:\fakepath(343,62-116): warning X3571: pow(f, e) will not work for negative f, use abs(f) or conditionally handle negative values if you expect them
C:\fakepath(360,75-84): warning X3556: integer divides may be much slower, try using uints if possible.
C:\fakepath(363,50-59): warning X3556: integer modulus may be much slower, try using uints if possible.
C:\fakepath(383,33-90): warning X3571: pow(f, e) will not work for negative f, use abs(f) or conditionally handle negative values if you expect them
C:\fakepath(174,1-6): warning X4000: use of potentially uninitialized variable (dyn_index_vec4_float4)
C:\fakepath(289,25-29): error X4576: Input array signature parameter  cannot be indexed dynamically.

WARN: compileToBinary(259): 
C:\fakepath(337,18-133): warning X3571: pow(f, e) will not work for negative f, use abs(f) or conditionally handle negative values if you expect them
C:\fakepath(343,62-116): warning X3571: pow(f, e) will not work for negative f, use abs(f) or conditionally handle negative values if you expect them
C:\fakepath(360,75-84): warning X3556: integer divides may be much slower, try using uints if possible.
C:\fakepath(363,50-59): warning X3556: integer modulus may be much slower, try using uints if possible.
C:\fakepath(383,33-90): warning X3571: pow(f, e) will not work for negative f, use abs(f) or conditionally handle negative values if you expect them
C:\fakepath(174,1-6): warning X4000: use of potentially uninitialized variable (dyn_index_vec4_float4)
C:\fakepath(289,25-29): error X4576: Input array signature parameter  cannot be indexed dynamically.

WARN: compileToBinary(259): 
C:\fakepath(360,75-84): warning X3556: integer divides may be much slower, try using uints if possible.
C:\fakepath(363,50-59): warning X3556: integer modulus may be much slower, try using uints if possible.
C:\fakepath(174,1-6): warning X4000: use of potentially uninitialized variable (dyn_index_vec4_float4)
C:\fakepath(225,1): warning X4000: use of potentially uninitialized variable (f_distance_aa)
C:\fakepath(262,1): warning X4000: use of potentially uninitialized variable (f_do_clip)

1575685761754	Marionette	TRACE	Received observer notification marionette-startup-requested
1575685761754	Marionette	TRACE	Waiting until startup recorder finished recording startup scripts...
1575685761761	Marionette	TRACE	All scripts recorded.
1575685761762	Marionette	DEBUG	Setting recommended pref app.update.disabledForTesting to true
1575685761762	Marionette	DEBUG	Setting recommended pref apz.content_response_timeout to 60000
1575685761762	Marionette	DEBUG	Setting recommended pref browser.contentblocking.introCount to 99
1575685761762	Marionette	DEBUG	Setting recommended pref browser.download.panel.shown to true
1575685761762	Marionette	DEBUG	Setting recommended pref browser.newtabpage.enabled to false
1575685761762	Marionette	DEBUG	Setting recommended pref browser.pagethumbnails.capturing_disabled to true
1575685761763	Marionette	DEBUG	Setting recommended pref browser.search.update to false
1575685761763	Marionette	DEBUG	Setting recommended pref browser.tabs.disableBackgroundZombification to false
1575685761763	Marionette	DEBUG	Setting recommended pref browser.tabs.remote.separatePrivilegedContentProcess to false
1575685761763	Marionette	DEBUG	Setting recommended pref browser.tabs.unloadOnLowMemory to false
1575685761763	Marionette	DEBUG	Setting recommended pref browser.tabs.warnOnCloseOtherTabs to false
1575685761763	Marionette	DEBUG	Setting recommended pref browser.tabs.warnOnOpen to false
1575685761763	Marionette	DEBUG	Setting recommended pref browser.usedOnWindows10.introURL to 
1575685761763	Marionette	DEBUG	Setting recommended pref browser.urlbar.suggest.searches to false
1575685761764	Marionette	DEBUG	Setting recommended pref datareporting.policy.dataSubmissionPolicyAccepted to false
1575685761764	Marionette	DEBUG	Setting recommended pref dom.disable_beforeunload to true
1575685761764	Marionette	DEBUG	Setting recommended pref dom.disable_open_during_load to false
1575685761764	Marionette	DEBUG	Setting recommended pref dom.file.createInChild to true
1575685761764	Marionette	DEBUG	Setting recommended pref dom.max_chrome_script_run_time to 0
1575685761764	Marionette	DEBUG	Setting recommended pref dom.max_script_run_time to 0
1575685761765	Marionette	DEBUG	Setting recommended pref dom.push.connection.enabled to false
1575685761765	Marionette	DEBUG	Setting recommended pref extensions.getAddons.cache.enabled to false
1575685761765	Marionette	DEBUG	Setting recommended pref extensions.webservice.discoverURL to http://%(server)s/dummy/discoveryURL
1575685761765	Marionette	DEBUG	Setting recommended pref network.http.prompt-temp-redirect to false
1575685761765	Marionette	DEBUG	Setting recommended pref network.http.speculative-parallel-limit to 0
1575685761765	Marionette	DEBUG	Setting recommended pref privacy.trackingprotection.enabled to false
1575685761765	Marionette	DEBUG	Setting recommended pref security.certerrors.mitm.priming.enabled to false
1575685761766	Marionette	DEBUG	Setting recommended pref security.fileuri.strict_origin_policy to false
1575685761766	Marionette	DEBUG	Setting recommended pref security.notification_enable_delay to 0
1575685761766	Marionette	DEBUG	Setting recommended pref signon.autofillForms to false
1575685761766	Marionette	DEBUG	Setting recommended pref signon.rememberSignons to false
1575685761767	Marionette	DEBUG	Setting recommended pref toolkit.cosmeticAnimations.enabled to false
1575685761791	Marionette	INFO	Listening on port 52329
1575685761791	Marionette	DEBUG	Remote service is active
1575685762213	Marionette	DEBUG	Accepted connection 0 from 127.0.0.1:52343
1575685762214	Marionette	DEBUG	0 -> [0,1,"WebDriver:NewSession",{"acceptInsecureCerts":true,"browserName":"firefox","capabilities":{"desiredCapabilities":{"acceptInsecureCerts":true,"browserName":"firefox"}}}]
1575685762215	Marionette	WARN	TLS certificate errors will be ignored for this session
1575685762230	Marionette	TRACE	[18] Frame script loaded
1575685762231	Marionette	TRACE	[18] Frame script registered
1575685762232	Marionette	DEBUG	0 <- [1,1,null,{"sessionId":"a00e85a4-cbe2-4d24-9f9b-c213df3643df","capabilities":{"browserName":"firefox","browserVersion":"70.0. ... alse,"moz:webdriverClick":true,"capabilities":{"desiredCapabilities":{"acceptInsecureCerts":true,"browserName":"firefox"}}}}]
1575685762242	Marionette	DEBUG	0 -> [0,2,"WebDriver:SetTimeouts",{"implicit":15000}]
1575685762243	Marionette	DEBUG	0 <- [1,2,null,{"value":null}]
1575685762244	Marionette	DEBUG	0 -> [0,3,"WebDriver:Navigate",{"url":"https://www.zhaopin.com/"}]
1575685762249	Marionette	TRACE	[18] Received DOM event beforeunload for about:blank
1575685762505	Marionette	TRACE	[18] Received DOM event pagehide for about:blank
JavaScript warning: https://img00.zhaopin.cn/2014/common/js/jquery-1.9.1.min.js, line 2: Using //@ to indicate sourceMappingURL pragmas is deprecated. Use //# instead
1575685762961	Marionette	TRACE	[18] Received DOM event DOMContentLoaded for https://www.zhaopin.com/
1575685764027	Marionette	TRACE	[18] Received DOM event pageshow for https://www.zhaopin.com/
1575685764028	Marionette	DEBUG	0 <- [1,3,null,{"value":null}]
1575685765032	Marionette	DEBUG	0 -> [0,4,"WebDriver:FindElement",{"using":"css selector","value":".risk-warning__content > button:nth-child(1)"}]
1575685765034	Marionette	DEBUG	0 <- [1,4,null,{"value":{"element-6066-11e4-a52e-4f735466cecf":"28994b65-aa95-42f6-a6cd-880e9c2d3a9d"}}]
1575685765036	Marionette	DEBUG	0 -> [0,5,"WebDriver:ElementClick",{"id":"28994b65-aa95-42f6-a6cd-880e9c2d3a9d"}]
1575685765245	Marionette	DEBUG	[18] Canceled page load listener because no navigation has been detected
1575685765246	Marionette	DEBUG	0 <- [1,5,null,{"value":null}]
1575685765250	Marionette	DEBUG	0 -> [0,6,"WebDriver:FindElement",{"using":"css selector","value":".zp-search__input"}]
1575685765251	Marionette	DEBUG	0 <- [1,6,null,{"value":{"element-6066-11e4-a52e-4f735466cecf":"88e9c2e4-4ada-437c-94b7-27c954842e94"}}]
1575685765253	Marionette	DEBUG	0 -> [0,7,"WebDriver:ElementSendKeys",{"id":"88e9c2e4-4ada-437c-94b7-27c954842e94","text":"自动化测试","value":["自","动","化","测","试"]}]
1575685765272	Marionette	DEBUG	0 <- [1,7,null,{"value":null}]
1575685766276	Marionette	DEBUG	0 -> [0,8,"WebDriver:FindElement",{"using":"css selector","value":".zp-search"}]
1575685766277	Marionette	DEBUG	0 <- [1,8,null,{"value":{"element-6066-11e4-a52e-4f735466cecf":"3d7dfca5-09f5-4cef-9be4-902e054afaab"}}]
1575685766279	Marionette	DEBUG	0 -> [0,9,"WebDriver:ElementClick",{"id":"3d7dfca5-09f5-4cef-9be4-902e054afaab"}]
1575685766306	Marionette	TRACE	[6442450947] Frame script loaded
1575685766308	Marionette	TRACE	[6442450947] Frame script registered
1575685766513	Marionette	DEBUG	[18] Canceled page load listener because no navigation has been detected
1575685766514	Marionette	DEBUG	0 <- [1,9,null,{"value":null}]
WebGL(000001BDCEC22000)::ForceLoseContext
1575685772519	Marionette	DEBUG	0 -> [0,10,"WebDriver:FindElement",{"using":"css selector","value":"div.query-others__title:nth-child(2) > div:nth-child(1)"}]
1575685787529	Marionette	DEBUG	0 <- [1,10,{"error":"no such element","message":"Unable to locate element: div.query-others__title:nth-child(2) > div:nth-child(1) ... entError@chrome://marionette/content/error.js:387:5\nelement.find/</<@chrome://marionette/content/element.js:343:16\n"},null]
1575685787549	Marionette	DEBUG	Closed connection 0
[Child 23956, Chrome_ChildThread] WARNING: pipe error: 109: file z:/task_1572401533/build/src/ipc/chromium/src/chrome/common/ipc_channel_win.cc, line 341
[Child 239[Parent 36880, Gecko_IOThread] WARNING: pipe error: 109: file z:/task_1572401533/build/src/ipc/chromium/src/chrome/common/ipc_channel_win.cc, line 341
[Child 26376, Chrome_ChildThread] WARNING: pipe error: 109: file z:/task_1572401533/build/src/ipc/chromium/src/chrome/common/ipc_channel_win.cc, line 341
[Child 26376, Chrom[Parent 36880, Gecko_IOThread] WARNING: pipe error: 109: file z:/task_1572401533/build/src/ipc/chromium/src/chrome/common/ipc_channel_win.cc, line 341
[Child 37240, Chrome_ChildThread] WARNING: pipe error: 109: file z:/task_1572401533/build/src/ipc/chromium/src/chrome/common/ipc_channel_win.cc, line 341
[Child 371575685901655	Marionette	TRACE	Received observer notification xpcom-will-shutdown
1575685901655	Marionette	DEBUG	Resetting recommended pref app.update.disabledForTesting
1575685901655	Marionette	DEBUG	Resetting recommended pref apz.content_response_timeout
1575685901655	Marionette	DEBUG	Resetting recommended pref browser.contentblocking.introCount
1575685901655	Marionette	DEBUG	Resetting recommended pref browser.download.panel.shown
1575685901655	Marionette	DEBUG	Resetting recommended pref browser.newtabpage.enabled
1575685901656	Marionette	DEBUG	Resetting recommended pref browser.pagethumbnails.capturing_disabled
1575685901656	Marionette	DEBUG	Resetting recommended pref browser.search.update
1575685901656	Marionette	DEBUG	Resetting recommended pref browser.tabs.disableBackgroundZombification
1575685901656	Marionette	DEBUG	Resetting recommended pref browser.tabs.remote.separatePrivilegedContentProcess
1575685901656	Marionette	DEBUG	Resetting recommended pref browser.tabs.unloadOnLowMemory
1575685901656	Marionette	DEBUG	Resetting recommended pref browser.tabs.warnOnCloseOtherTabs
1575685901656	Marionette	DEBUG	Resetting recommended pref browser.tabs.warnOnOpen
1575685901656	Marionette	DEBUG	Resetting recommended pref browser.usedOnWindows10.introURL
1575685901656	Marionette	DEBUG	Resetting recommended pref browser.urlbar.suggest.searches
1575685901656	Marionette	DEBUG	Resetting recommended pref datareporting.policy.dataSubmissionPolicyAccepted
1575685901656	Marionette	DEBUG	Resetting recommended pref dom.disable_beforeunload
1575685901656	Marionette	DEBUG	Resetting recommended pref dom.disable_open_during_load
1575685901657	Marionette	DEBUG	Resetting recommended pref dom.file.createInChild
1575685901657	Marionette	DEBUG	Resetting recommended pref dom.max_chrome_script_run_time
1575685901657	Marionette	DEBUG	Resetting recommended pref dom.max_script_run_time
1575685901657	Marionette	DEBUG	Resetting recommended pref dom.push.connection.enabled
1575685901657	Marionette	DEBUG	Resetting recommended pref extensions.getAddons.cache.enabled
1575685901657	Marionette	DEBUG	Resetting recommended pref extensions.webservice.discoverURL
1575685901657	Marionette	DEBUG	Resetting recommended pref network.http.prompt-temp-redirect
1575685901657	Marionette	DEBUG	Resetting recommended pref network.http.speculative-parallel-limit
1575685901657	Marionette	DEBUG	Resetting recommended pref privacy.trackingprotection.enabled
1575685901657	Marionette	DEBUG	Resetting recommended pref security.certerrors.mitm.priming.enabled
1575685901657	Marionette	DEBUG	Resetting recommended pref security.fileuri.strict_origin_policy
1575685901657	Marionette	DEBUG	Resetting recommended pref security.notification_enable_delay
1575685901657	Marionette	DEBUG	Resetting recommended pref signon.autofillForms
1575685901657	Marionette	DEBUG	Resetting recommended pref signon.rememberSignons
1575685901657	Marionette	DEBUG	Resetting recommended pref toolkit.cosmeticAnimations.enabled
1575685901658	Marionette	INFO	Stopped listening on port 52329
1575685901658	Marionette	DEBUG	Remote service is inactive
[GPU 38980, Chrome_C
###!!! [Child][MessageChannel::SendAndWait] Error: Channel error: cannot send/recv

